07-06-2020 22:48:32.230 [main] INFO  c.e.r.RelationalDbAccessApiApplication.logStarting - Starting RelationalDbAccessApiApplication on alejandroLaptop with PID 9033 (/home/alejandro/Documentos/EagleLogistics/Projects/Backend/relational-db-access-api/target/classes started by alejandro in /home/alejandro/Documentos/EagleLogistics/Projects/Backend/relational-db-access-api)
07-06-2020 22:48:32.246 [main] INFO  c.e.r.RelationalDbAccessApiApplication.logStartupProfileInfo - The following profiles are active: dev
07-06-2020 22:48:33.176 [main] INFO  o.s.d.r.c.RepositoryConfigurationDelegate.registerRepositoriesIn - Bootstrapping Spring Data JPA repositories in DEFAULT mode.
07-06-2020 22:48:33.247 [main] INFO  o.s.d.r.c.RepositoryConfigurationDelegate.registerRepositoriesIn - Finished Spring Data repository scanning in 62ms. Found 4 JPA repository interfaces.
07-06-2020 22:48:33.747 [main] INFO  o.s.b.w.e.tomcat.TomcatWebServer.initialize - Tomcat initialized with port(s): 9999 (http)
07-06-2020 22:48:33.765 [main] INFO  o.a.catalina.core.StandardService.log - Starting service [Tomcat]
07-06-2020 22:48:33.766 [main] INFO  o.a.catalina.core.StandardEngine.log - Starting Servlet engine: [Apache Tomcat/9.0.34]
07-06-2020 22:48:33.767 [main] INFO  o.a.c.core.AprLifecycleListener.log - An older version [1.2.21] of the APR based Apache Tomcat Native library is installed, while Tomcat recommends a minimum version of [1.2.23]
07-06-2020 22:48:33.774 [main] INFO  o.a.c.core.AprLifecycleListener.log - Loaded APR based Apache Tomcat Native library [1.2.21] using APR version [1.6.3].
07-06-2020 22:48:33.775 [main] INFO  o.a.c.core.AprLifecycleListener.log - APR capabilities: IPv6 [true], sendfile [true], accept filters [false], random [true].
07-06-2020 22:48:33.775 [main] INFO  o.a.c.core.AprLifecycleListener.log - APR/OpenSSL configuration: useAprConnector [false], useOpenSSL [true]
07-06-2020 22:48:33.779 [main] INFO  o.a.c.core.AprLifecycleListener.log - OpenSSL successfully initialized [OpenSSL 1.1.1  11 Sep 2018]
07-06-2020 22:48:33.952 [main] INFO  o.a.c.c.C.[.[localhost].[/rdb-api].log - Initializing Spring embedded WebApplicationContext
07-06-2020 22:48:33.952 [main] INFO  o.s.web.context.ContextLoader.prepareWebApplicationContext - Root WebApplicationContext: initialization completed in 1611 ms
07-06-2020 22:48:34.063 [main] INFO  com.zaxxer.hikari.HikariDataSource.getConnection - HikariPool-1 - Starting...
07-06-2020 22:48:34.136 [main] INFO  com.zaxxer.hikari.HikariDataSource.getConnection - HikariPool-1 - Start completed.
07-06-2020 22:48:34.167 [main] INFO  o.h.jpa.internal.util.LogHelper.logPersistenceUnitInformation - HHH000204: Processing PersistenceUnitInfo [name: default]
07-06-2020 22:48:34.198 [main] INFO  org.hibernate.Version.logVersion - HHH000412: Hibernate ORM core version 5.4.15.Final
07-06-2020 22:48:34.288 [main] INFO  o.h.annotations.common.Version.<clinit> - HCANN000001: Hibernate Commons Annotations {5.1.0.Final}
07-06-2020 22:48:34.362 [main] INFO  org.hibernate.dialect.Dialect.<init> - HHH000400: Using dialect: org.hibernate.dialect.PostgreSQL10Dialect
07-06-2020 22:48:34.800 [main] INFO  o.h.e.t.j.p.i.JtaPlatformInitiator.initiateService - HHH000490: Using JtaPlatform implementation: [org.hibernate.engine.transaction.jta.platform.internal.NoJtaPlatform]
07-06-2020 22:48:34.805 [main] INFO  o.s.o.j.LocalContainerEntityManagerFactoryBean.buildNativeEntityManagerFactory - Initialized JPA EntityManagerFactory for persistence unit 'default'
07-06-2020 22:48:35.047 [main] WARN  o.s.b.a.o.j.JpaBaseConfiguration$JpaWebConfiguration.openEntityManagerInViewInterceptor - spring.jpa.open-in-view is enabled by default. Therefore, database queries may be performed during view rendering. Explicitly configure spring.jpa.open-in-view to disable this warning
07-06-2020 22:48:35.127 [main] INFO  o.s.s.c.ThreadPoolTaskExecutor.initialize - Initializing ExecutorService 'applicationTaskExecutor'
07-06-2020 22:48:35.339 [main] INFO  o.s.b.w.e.tomcat.TomcatWebServer.start - Tomcat started on port(s): 9999 (http) with context path '/rdb-api'
07-06-2020 22:48:35.341 [main] INFO  c.e.r.RelationalDbAccessApiApplication.logStarted - Started RelationalDbAccessApiApplication in 3.713 seconds (JVM running for 4.721)
07-06-2020 22:48:42.549 [http-nio-9999-exec-2] INFO  o.a.c.c.C.[.[localhost].[/rdb-api].log - Initializing Spring DispatcherServlet 'dispatcherServlet'
07-06-2020 22:48:42.549 [http-nio-9999-exec-2] INFO  o.s.web.servlet.DispatcherServlet.initServletBean - Initializing Servlet 'dispatcherServlet'
07-06-2020 22:48:42.553 [http-nio-9999-exec-2] INFO  o.s.web.servlet.DispatcherServlet.initServletBean - Completed initialization in 4 ms
07-06-2020 22:49:58.840 [RMI TCP Connection(3)-127.0.0.1] INFO  o.s.b.a.SpringApplicationAdminMXBeanRegistrar$SpringApplicationAdmin.shutdown - Application shutdown requested.
07-06-2020 22:49:58.847 [RMI TCP Connection(3)-127.0.0.1] INFO  o.s.s.c.ThreadPoolTaskExecutor.shutdown - Shutting down ExecutorService 'applicationTaskExecutor'
07-06-2020 22:49:58.849 [RMI TCP Connection(3)-127.0.0.1] INFO  o.s.o.j.LocalContainerEntityManagerFactoryBean.destroy - Closing JPA EntityManagerFactory for persistence unit 'default'
07-06-2020 22:49:58.853 [RMI TCP Connection(3)-127.0.0.1] INFO  com.zaxxer.hikari.HikariDataSource.close - HikariPool-1 - Shutdown initiated...
07-06-2020 22:49:58.871 [RMI TCP Connection(3)-127.0.0.1] INFO  com.zaxxer.hikari.HikariDataSource.close - HikariPool-1 - Shutdown completed.
07-06-2020 22:50:00.825 [main] INFO  c.e.r.RelationalDbAccessApiApplication.logStarting - Starting RelationalDbAccessApiApplication on alejandroLaptop with PID 9437 (/home/alejandro/Documentos/EagleLogistics/Projects/Backend/relational-db-access-api/target/classes started by alejandro in /home/alejandro/Documentos/EagleLogistics/Projects/Backend/relational-db-access-api)
07-06-2020 22:50:00.828 [main] INFO  c.e.r.RelationalDbAccessApiApplication.logStartupProfileInfo - The following profiles are active: dev
07-06-2020 22:50:01.283 [main] INFO  o.s.d.r.c.RepositoryConfigurationDelegate.registerRepositoriesIn - Bootstrapping Spring Data JPA repositories in DEFAULT mode.
07-06-2020 22:50:01.336 [main] INFO  o.s.d.r.c.RepositoryConfigurationDelegate.registerRepositoriesIn - Finished Spring Data repository scanning in 47ms. Found 4 JPA repository interfaces.
07-06-2020 22:50:01.691 [main] INFO  o.s.b.w.e.tomcat.TomcatWebServer.initialize - Tomcat initialized with port(s): 9999 (http)
07-06-2020 22:50:01.696 [main] INFO  o.a.catalina.core.StandardService.log - Starting service [Tomcat]
07-06-2020 22:50:01.697 [main] INFO  o.a.catalina.core.StandardEngine.log - Starting Servlet engine: [Apache Tomcat/9.0.34]
07-06-2020 22:50:01.698 [main] INFO  o.a.c.core.AprLifecycleListener.log - An older version [1.2.21] of the APR based Apache Tomcat Native library is installed, while Tomcat recommends a minimum version of [1.2.23]
07-06-2020 22:50:01.698 [main] INFO  o.a.c.core.AprLifecycleListener.log - Loaded APR based Apache Tomcat Native library [1.2.21] using APR version [1.6.3].
07-06-2020 22:50:01.698 [main] INFO  o.a.c.core.AprLifecycleListener.log - APR capabilities: IPv6 [true], sendfile [true], accept filters [false], random [true].
07-06-2020 22:50:01.699 [main] INFO  o.a.c.core.AprLifecycleListener.log - APR/OpenSSL configuration: useAprConnector [false], useOpenSSL [true]
07-06-2020 22:50:01.701 [main] INFO  o.a.c.core.AprLifecycleListener.log - OpenSSL successfully initialized [OpenSSL 1.1.1  11 Sep 2018]
07-06-2020 22:50:01.763 [main] INFO  o.a.c.c.C.[.[localhost].[/rdb-api].log - Initializing Spring embedded WebApplicationContext
07-06-2020 22:50:01.764 [main] INFO  o.s.web.context.ContextLoader.prepareWebApplicationContext - Root WebApplicationContext: initialization completed in 901 ms
07-06-2020 22:50:01.846 [main] INFO  com.zaxxer.hikari.HikariDataSource.getConnection - HikariPool-1 - Starting...
07-06-2020 22:50:01.894 [main] INFO  com.zaxxer.hikari.HikariDataSource.getConnection - HikariPool-1 - Start completed.
07-06-2020 22:50:01.921 [main] INFO  o.h.jpa.internal.util.LogHelper.logPersistenceUnitInformation - HHH000204: Processing PersistenceUnitInfo [name: default]
07-06-2020 22:50:01.942 [main] INFO  org.hibernate.Version.logVersion - HHH000412: Hibernate ORM core version 5.4.15.Final
07-06-2020 22:50:01.998 [main] INFO  o.h.annotations.common.Version.<clinit> - HCANN000001: Hibernate Commons Annotations {5.1.0.Final}
07-06-2020 22:50:02.063 [main] INFO  org.hibernate.dialect.Dialect.<init> - HHH000400: Using dialect: org.hibernate.dialect.PostgreSQL10Dialect
07-06-2020 22:50:02.462 [main] INFO  o.h.e.t.j.p.i.JtaPlatformInitiator.initiateService - HHH000490: Using JtaPlatform implementation: [org.hibernate.engine.transaction.jta.platform.internal.NoJtaPlatform]
07-06-2020 22:50:02.466 [main] INFO  o.s.o.j.LocalContainerEntityManagerFactoryBean.buildNativeEntityManagerFactory - Initialized JPA EntityManagerFactory for persistence unit 'default'
07-06-2020 22:50:02.719 [main] WARN  o.s.b.a.o.j.JpaBaseConfiguration$JpaWebConfiguration.openEntityManagerInViewInterceptor - spring.jpa.open-in-view is enabled by default. Therefore, database queries may be performed during view rendering. Explicitly configure spring.jpa.open-in-view to disable this warning
07-06-2020 22:50:02.800 [main] INFO  o.s.s.c.ThreadPoolTaskExecutor.initialize - Initializing ExecutorService 'applicationTaskExecutor'
07-06-2020 22:50:02.996 [main] INFO  o.s.b.w.e.tomcat.TomcatWebServer.start - Tomcat started on port(s): 9999 (http) with context path '/rdb-api'
07-06-2020 22:50:03.000 [main] INFO  c.e.r.RelationalDbAccessApiApplication.logStarted - Started RelationalDbAccessApiApplication in 2.541 seconds (JVM running for 3.179)
07-06-2020 22:50:10.050 [http-nio-9999-exec-1] INFO  o.a.c.c.C.[.[localhost].[/rdb-api].log - Initializing Spring DispatcherServlet 'dispatcherServlet'
07-06-2020 22:50:10.051 [http-nio-9999-exec-1] INFO  o.s.web.servlet.DispatcherServlet.initServletBean - Initializing Servlet 'dispatcherServlet'
07-06-2020 22:50:10.057 [http-nio-9999-exec-1] INFO  o.s.web.servlet.DispatcherServlet.initServletBean - Completed initialization in 6 ms
07-06-2020 22:51:11.225 [http-nio-9999-exec-5] WARN  c.e.r.s.impl.EmployeServiceImpl.findById - Select Eployee not found id: 90
07-06-2020 22:51:32.275 [RMI TCP Connection(2)-127.0.0.1] INFO  o.s.b.a.SpringApplicationAdminMXBeanRegistrar$SpringApplicationAdmin.shutdown - Application shutdown requested.
07-06-2020 22:51:32.279 [RMI TCP Connection(2)-127.0.0.1] INFO  o.s.s.c.ThreadPoolTaskExecutor.shutdown - Shutting down ExecutorService 'applicationTaskExecutor'
07-06-2020 22:51:32.282 [RMI TCP Connection(2)-127.0.0.1] INFO  o.s.o.j.LocalContainerEntityManagerFactoryBean.destroy - Closing JPA EntityManagerFactory for persistence unit 'default'
07-06-2020 22:51:32.286 [RMI TCP Connection(2)-127.0.0.1] INFO  com.zaxxer.hikari.HikariDataSource.close - HikariPool-1 - Shutdown initiated...
07-06-2020 22:51:32.300 [RMI TCP Connection(2)-127.0.0.1] INFO  com.zaxxer.hikari.HikariDataSource.close - HikariPool-1 - Shutdown completed.
